02-01-2022 20:28:11.052 INFO  c.e.g.GithubServiceApplication.logStarting - Starting GithubServiceApplication using Java 11.0.12 on DESKTOP-8NE4FK9 with PID 3264 (C:\Users\thanh\Documents\JCIA-Microservices\github-service\target\classes started by thanh in C:\Users\thanh\Documents\JCIA-Microservices)
02-01-2022 20:28:11.075 INFO  c.e.g.GithubServiceApplication.logStartupProfileInfo - No active profile set, falling back to default profiles: default
02-01-2022 20:28:19.687 INFO  c.e.g.GithubServiceApplication.logStarted - Started GithubServiceApplication in 11.001 seconds (JVM running for 14.136)
02-01-2022 20:44:07.199 INFO  c.e.g.GithubServiceApplication.logStarting - Starting GithubServiceApplication using Java 11.0.12 on DESKTOP-8NE4FK9 with PID 19184 (C:\Users\thanh\Documents\JCIA-Microservices\github-service\target\classes started by thanh in C:\Users\thanh\Documents\JCIA-Microservices)
02-01-2022 20:44:07.216 INFO  c.e.g.GithubServiceApplication.logStartupProfileInfo - No active profile set, falling back to default profiles: default
02-01-2022 20:44:11.158 INFO  c.e.g.GithubServiceApplication.logStarted - Started GithubServiceApplication in 5.288 seconds (JVM running for 6.985)
02-01-2022 20:52:31.193 ERROR c.netflix.discovery.DiscoveryClient.unregister - DiscoveryClient_GITHUB-SERVICE/host.docker.internal:github-service:4001 - de-registration failedCannot execute request on any known server
com.netflix.discovery.shared.transport.TransportException: Cannot execute request on any known server
	at com.netflix.discovery.shared.transport.decorator.RetryableEurekaHttpClient.execute(RetryableEurekaHttpClient.java:112)
	at com.netflix.discovery.shared.transport.decorator.EurekaHttpClientDecorator.cancel(EurekaHttpClientDecorator.java:71)
	at com.netflix.discovery.shared.transport.decorator.EurekaHttpClientDecorator$2.execute(EurekaHttpClientDecorator.java:74)
	at com.netflix.discovery.shared.transport.decorator.SessionedEurekaHttpClient.execute(SessionedEurekaHttpClient.java:77)
	at com.netflix.discovery.shared.transport.decorator.EurekaHttpClientDecorator.cancel(EurekaHttpClientDecorator.java:71)
	at com.netflix.discovery.DiscoveryClient.unregister(DiscoveryClient.java:972)
	at com.netflix.discovery.DiscoveryClient.shutdown(DiscoveryClient.java:948)
	at java.base/jdk.internal.reflect.NativeMethodAccessorImpl.invoke0(Native Method)
	at java.base/jdk.internal.reflect.NativeMethodAccessorImpl.invoke(NativeMethodAccessorImpl.java:62)
	at java.base/jdk.internal.reflect.DelegatingMethodAccessorImpl.invoke(DelegatingMethodAccessorImpl.java:43)
	at java.base/java.lang.reflect.Method.invoke(Method.java:566)
	at org.springframework.beans.factory.annotation.InitDestroyAnnotationBeanPostProcessor$LifecycleElement.invoke(InitDestroyAnnotationBeanPostProcessor.java:389)
	at org.springframework.beans.factory.annotation.InitDestroyAnnotationBeanPostProcessor$LifecycleMetadata.invokeDestroyMethods(InitDestroyAnnotationBeanPostProcessor.java:347)
	at org.springframework.beans.factory.annotation.InitDestroyAnnotationBeanPostProcessor.postProcessBeforeDestruction(InitDestroyAnnotationBeanPostProcessor.java:177)
	at org.springframework.beans.factory.support.DisposableBeanAdapter.destroy(DisposableBeanAdapter.java:184)
	at org.springframework.beans.factory.support.DisposableBeanAdapter.run(DisposableBeanAdapter.java:177)
	at org.springframework.cloud.context.scope.GenericScope$BeanLifecycleWrapper.destroy(GenericScope.java:390)
	at org.springframework.cloud.context.scope.GenericScope.destroy(GenericScope.java:136)
	at org.springframework.beans.factory.support.DisposableBeanAdapter.destroy(DisposableBeanAdapter.java:200)
	at org.springframework.beans.factory.support.DefaultSingletonBeanRegistry.destroyBean(DefaultSingletonBeanRegistry.java:587)
	at org.springframework.beans.factory.support.DefaultSingletonBeanRegistry.destroySingleton(DefaultSingletonBeanRegistry.java:559)
	at org.springframework.beans.factory.support.DefaultListableBeanFactory.destroySingleton(DefaultListableBeanFactory.java:1152)
	at org.springframework.beans.factory.support.DefaultSingletonBeanRegistry.destroySingletons(DefaultSingletonBeanRegistry.java:520)
	at org.springframework.beans.factory.support.DefaultListableBeanFactory.destroySingletons(DefaultListableBeanFactory.java:1145)
	at org.springframework.context.support.AbstractApplicationContext.destroyBeans(AbstractApplicationContext.java:1106)
	at org.springframework.context.support.AbstractApplicationContext.doClose(AbstractApplicationContext.java:1075)
	at org.springframework.boot.web.servlet.context.ServletWebServerApplicationContext.doClose(ServletWebServerApplicationContext.java:172)
	at org.springframework.context.support.AbstractApplicationContext.close(AbstractApplicationContext.java:1021)
	at org.springframework.boot.SpringApplicationShutdownHook.closeAndWait(SpringApplicationShutdownHook.java:131)
	at java.base/java.lang.Iterable.forEach(Iterable.java:75)
	at org.springframework.boot.SpringApplicationShutdownHook.run(SpringApplicationShutdownHook.java:100)
	at java.base/java.lang.Thread.run(Thread.java:834)
02-01-2022 20:53:40.082 INFO  c.e.g.GithubServiceApplication.logStarting - Starting GithubServiceApplication using Java 11.0.12 on DESKTOP-8NE4FK9 with PID 12576 (C:\Users\thanh\Documents\JCIA-Microservices\github-service\target\classes started by thanh in C:\Users\thanh\Documents\JCIA-Microservices)
02-01-2022 20:53:40.087 INFO  c.e.g.GithubServiceApplication.logStartupProfileInfo - No active profile set, falling back to default profiles: default
02-01-2022 20:53:48.706 INFO  c.e.g.GithubServiceApplication.logStarted - Started GithubServiceApplication in 10.807 seconds (JVM running for 13.663)
