25-02-2022 14:43:43.115 INFO  c.e.v.VersionCompareServiceApplication.logStarting - Starting VersionCompareServiceApplication using Java 11.0.13 on ALEISTER with PID 20292 (F:\$Project$\JCIA-Microservices\version-compare-service\target\classes started by amagg in F:\$Project$\JCIA-Microservices)
25-02-2022 14:43:43.119 INFO  c.e.v.VersionCompareServiceApplication.logStartupProfileInfo - No active profile set, falling back to default profiles: default
25-02-2022 14:43:45.363 INFO  c.e.v.VersionCompareServiceApplication.logStarted - Started VersionCompareServiceApplication in 2.847 seconds (JVM running for 3.745)
25-02-2022 14:44:41.336 ERROR o.a.c.c.C.[.[.[.[dispatcherServlet].log - Servlet.service() for servlet [dispatcherServlet] in context with path [] threw exception
java.nio.file.NoSuchFileException: F:\$Project$\Testing\test6-20220104T141922Z-001\test6\SpringMVC-RESTful-Web-Services(400c4ea1)
	at java.base/sun.nio.fs.WindowsException.translateToIOException(WindowsException.java:85)
	at java.base/sun.nio.fs.WindowsException.rethrowAsIOException(WindowsException.java:96)
	at java.base/sun.nio.fs.WindowsLinkSupport.getRealPath(WindowsLinkSupport.java:257)
	at java.base/sun.nio.fs.WindowsPath.toRealPath(WindowsPath.java:891)
	at java.base/sun.nio.fs.WindowsPath.toRealPath(WindowsPath.java:42)
	at mrmathami.cia.java.jdt.project.builder.parameter.BuildInputSources.<init>(BuildInputSources.java:43)
	at com.example.versioncompareservice.service.VersionServiceImpl.getCompare(VersionServiceImpl.java:82)
	at com.example.versioncompareservice.controller.VersionController.versionCompareByPath(VersionController.java:39)
	at java.base/jdk.internal.reflect.NativeMethodAccessorImpl.invoke0(Native Method)
	at java.base/jdk.internal.reflect.NativeMethodAccessorImpl.invoke(NativeMethodAccessorImpl.java:62)
	at java.base/jdk.internal.reflect.DelegatingMethodAccessorImpl.invoke(DelegatingMethodAccessorImpl.java:43)
	at java.base/java.lang.reflect.Method.invoke(Method.java:566)
	at org.springframework.web.method.support.InvocableHandlerMethod.doInvoke(InvocableHandlerMethod.java:197)
	at org.springframework.web.method.support.InvocableHandlerMethod.invokeForRequest(InvocableHandlerMethod.java:141)
	at org.springframework.web.servlet.mvc.method.annotation.ServletInvocableHandlerMethod.invokeAndHandle(ServletInvocableHandlerMethod.java:106)
	at org.springframework.web.servlet.mvc.method.annotation.RequestMappingHandlerAdapter.invokeHandlerMethod(RequestMappingHandlerAdapter.java:894)
	at org.springframework.web.servlet.mvc.method.annotation.RequestMappingHandlerAdapter.handleInternal(RequestMappingHandlerAdapter.java:808)
	at org.springframework.web.servlet.mvc.method.AbstractHandlerMethodAdapter.handle(AbstractHandlerMethodAdapter.java:87)
	at org.springframework.web.servlet.DispatcherServlet.doDispatch(DispatcherServlet.java:1063)
	at org.springframework.web.servlet.DispatcherServlet.doService(DispatcherServlet.java:963)
	at org.springframework.web.servlet.FrameworkServlet.processRequest(FrameworkServlet.java:1006)
	at org.springframework.web.servlet.FrameworkServlet.doPost(FrameworkServlet.java:909)
	at javax.servlet.http.HttpServlet.service(HttpServlet.java:681)
	at org.springframework.web.servlet.FrameworkServlet.service(FrameworkServlet.java:883)
	at javax.servlet.http.HttpServlet.service(HttpServlet.java:764)
	at org.apache.catalina.core.ApplicationFilterChain.internalDoFilter(ApplicationFilterChain.java:228)
	at org.apache.catalina.core.ApplicationFilterChain.doFilter(ApplicationFilterChain.java:163)
	at org.apache.tomcat.websocket.server.WsFilter.doFilter(WsFilter.java:53)
	at org.apache.catalina.core.ApplicationFilterChain.internalDoFilter(ApplicationFilterChain.java:190)
	at org.apache.catalina.core.ApplicationFilterChain.doFilter(ApplicationFilterChain.java:163)
	at org.springframework.web.filter.RequestContextFilter.doFilterInternal(RequestContextFilter.java:100)
	at org.springframework.web.filter.OncePerRequestFilter.doFilter(OncePerRequestFilter.java:119)
	at org.apache.catalina.core.ApplicationFilterChain.internalDoFilter(ApplicationFilterChain.java:190)
	at org.apache.catalina.core.ApplicationFilterChain.doFilter(ApplicationFilterChain.java:163)
	at org.springframework.web.filter.FormContentFilter.doFilterInternal(FormContentFilter.java:93)
	at org.springframework.web.filter.OncePerRequestFilter.doFilter(OncePerRequestFilter.java:119)
	at org.apache.catalina.core.ApplicationFilterChain.internalDoFilter(ApplicationFilterChain.java:190)
	at org.apache.catalina.core.ApplicationFilterChain.doFilter(ApplicationFilterChain.java:163)
	at org.springframework.web.filter.CharacterEncodingFilter.doFilterInternal(CharacterEncodingFilter.java:201)
	at org.springframework.web.filter.OncePerRequestFilter.doFilter(OncePerRequestFilter.java:119)
	at org.apache.catalina.core.ApplicationFilterChain.internalDoFilter(ApplicationFilterChain.java:190)
	at org.apache.catalina.core.ApplicationFilterChain.doFilter(ApplicationFilterChain.java:163)
	at org.apache.catalina.core.StandardWrapperValve.invoke(StandardWrapperValve.java:202)
	at org.apache.catalina.core.StandardContextValve.invoke(StandardContextValve.java:97)
	at org.apache.catalina.authenticator.AuthenticatorBase.invoke(AuthenticatorBase.java:542)
	at org.apache.catalina.core.StandardHostValve.invoke(StandardHostValve.java:143)
	at org.apache.catalina.valves.ErrorReportValve.invoke(ErrorReportValve.java:92)
	at org.apache.catalina.core.StandardEngineValve.invoke(StandardEngineValve.java:78)
	at org.apache.catalina.connector.CoyoteAdapter.service(CoyoteAdapter.java:357)
	at org.apache.coyote.http11.Http11Processor.service(Http11Processor.java:382)
	at org.apache.coyote.AbstractProcessorLight.process(AbstractProcessorLight.java:65)
	at org.apache.coyote.AbstractProtocol$ConnectionHandler.process(AbstractProtocol.java:893)
	at org.apache.tomcat.util.net.NioEndpoint$SocketProcessor.doRun(NioEndpoint.java:1723)
	at org.apache.tomcat.util.net.SocketProcessorBase.run(SocketProcessorBase.java:49)
	at java.base/java.util.concurrent.ThreadPoolExecutor.runWorker(ThreadPoolExecutor.java:1128)
	at java.base/java.util.concurrent.ThreadPoolExecutor$Worker.run(ThreadPoolExecutor.java:628)
	at org.apache.tomcat.util.threads.TaskThread$WrappingRunnable.run(TaskThread.java:61)
	at java.base/java.lang.Thread.run(Thread.java:829)
25-02-2022 14:55:52.314 INFO  c.e.v.VersionCompareServiceApplication.logStarting - Starting VersionCompareServiceApplication using Java 11.0.13 on ALEISTER with PID 9456 (F:\$Project$\JCIA-Microservices\version-compare-service\target\classes started by amagg in F:\$Project$\JCIA-Microservices)
25-02-2022 14:55:52.317 INFO  c.e.v.VersionCompareServiceApplication.logStartupProfileInfo - No active profile set, falling back to default profiles: default
25-02-2022 14:55:54.105 INFO  c.e.v.VersionCompareServiceApplication.logStarted - Started VersionCompareServiceApplication in 2.256 seconds (JVM running for 2.997)
25-02-2022 14:57:28.848 INFO  c.e.v.VersionCompareServiceApplication.logStarting - Starting VersionCompareServiceApplication using Java 11.0.13 on ALEISTER with PID 14876 (F:\$Project$\JCIA-Microservices\version-compare-service\target\classes started by amagg in F:\$Project$\JCIA-Microservices)
25-02-2022 14:57:28.852 INFO  c.e.v.VersionCompareServiceApplication.logStartupProfileInfo - No active profile set, falling back to default profiles: default
25-02-2022 14:57:30.545 INFO  c.e.v.VersionCompareServiceApplication.logStarted - Started VersionCompareServiceApplication in 2.135 seconds (JVM running for 2.838)
25-02-2022 14:58:17.618 INFO  c.e.v.VersionCompareServiceApplication.logStarting - Starting VersionCompareServiceApplication using Java 11.0.13 on ALEISTER with PID 14848 (F:\$Project$\JCIA-Microservices\version-compare-service\target\classes started by amagg in F:\$Project$\JCIA-Microservices)
25-02-2022 14:58:17.621 INFO  c.e.v.VersionCompareServiceApplication.logStartupProfileInfo - No active profile set, falling back to default profiles: default
25-02-2022 14:58:19.395 INFO  c.e.v.VersionCompareServiceApplication.logStarted - Started VersionCompareServiceApplication in 2.203 seconds (JVM running for 2.941)
25-02-2022 14:59:40.321 INFO  c.e.v.VersionCompareServiceApplication.logStarting - Starting VersionCompareServiceApplication using Java 11.0.13 on ALEISTER with PID 3820 (F:\$Project$\JCIA-Microservices\version-compare-service\target\classes started by amagg in F:\$Project$\JCIA-Microservices)
25-02-2022 14:59:40.324 INFO  c.e.v.VersionCompareServiceApplication.logStartupProfileInfo - No active profile set, falling back to default profiles: default
25-02-2022 14:59:42.004 INFO  c.e.v.VersionCompareServiceApplication.logStarted - Started VersionCompareServiceApplication in 2.112 seconds (JVM running for 2.832)
25-02-2022 15:00:20.221 INFO  c.e.v.VersionCompareServiceApplication.logStarting - Starting VersionCompareServiceApplication using Java 11.0.13 on ALEISTER with PID 13044 (F:\$Project$\JCIA-Microservices\version-compare-service\target\classes started by amagg in F:\$Project$\JCIA-Microservices)
25-02-2022 15:00:20.223 INFO  c.e.v.VersionCompareServiceApplication.logStartupProfileInfo - No active profile set, falling back to default profiles: default
25-02-2022 15:00:22.080 INFO  c.e.v.VersionCompareServiceApplication.logStarted - Started VersionCompareServiceApplication in 2.321 seconds (JVM running for 3.262)
25-02-2022 15:01:41.449 INFO  c.e.v.VersionCompareServiceApplication.logStarting - Starting VersionCompareServiceApplication using Java 11.0.13 on ALEISTER with PID 3908 (F:\$Project$\JCIA-Microservices\version-compare-service\target\classes started by amagg in F:\$Project$\JCIA-Microservices)
25-02-2022 15:01:41.452 INFO  c.e.v.VersionCompareServiceApplication.logStartupProfileInfo - No active profile set, falling back to default profiles: default
25-02-2022 15:01:43.601 INFO  c.e.v.VersionCompareServiceApplication.logStarted - Started VersionCompareServiceApplication in 2.73 seconds (JVM running for 3.716)
25-02-2022 15:02:37.341 ERROR c.netflix.discovery.DiscoveryClient.unregister - DiscoveryClient_VERSION-COMPARE-SERVICE/ALEISTER:version-compare-service:6002 - de-registration failedCannot execute request on any known server
com.netflix.discovery.shared.transport.TransportException: Cannot execute request on any known server
	at com.netflix.discovery.shared.transport.decorator.RetryableEurekaHttpClient.execute(RetryableEurekaHttpClient.java:112)
	at com.netflix.discovery.shared.transport.decorator.EurekaHttpClientDecorator.cancel(EurekaHttpClientDecorator.java:71)
	at com.netflix.discovery.shared.transport.decorator.EurekaHttpClientDecorator$2.execute(EurekaHttpClientDecorator.java:74)
	at com.netflix.discovery.shared.transport.decorator.SessionedEurekaHttpClient.execute(SessionedEurekaHttpClient.java:77)
	at com.netflix.discovery.shared.transport.decorator.EurekaHttpClientDecorator.cancel(EurekaHttpClientDecorator.java:71)
	at com.netflix.discovery.DiscoveryClient.unregister(DiscoveryClient.java:972)
	at com.netflix.discovery.DiscoveryClient.shutdown(DiscoveryClient.java:948)
	at java.base/jdk.internal.reflect.NativeMethodAccessorImpl.invoke0(Native Method)
	at java.base/jdk.internal.reflect.NativeMethodAccessorImpl.invoke(NativeMethodAccessorImpl.java:62)
	at java.base/jdk.internal.reflect.DelegatingMethodAccessorImpl.invoke(DelegatingMethodAccessorImpl.java:43)
	at java.base/java.lang.reflect.Method.invoke(Method.java:566)
	at org.springframework.beans.factory.annotation.InitDestroyAnnotationBeanPostProcessor$LifecycleElement.invoke(InitDestroyAnnotationBeanPostProcessor.java:389)
	at org.springframework.beans.factory.annotation.InitDestroyAnnotationBeanPostProcessor$LifecycleMetadata.invokeDestroyMethods(InitDestroyAnnotationBeanPostProcessor.java:347)
	at org.springframework.beans.factory.annotation.InitDestroyAnnotationBeanPostProcessor.postProcessBeforeDestruction(InitDestroyAnnotationBeanPostProcessor.java:177)
	at org.springframework.beans.factory.support.DisposableBeanAdapter.destroy(DisposableBeanAdapter.java:184)
	at org.springframework.beans.factory.support.DisposableBeanAdapter.run(DisposableBeanAdapter.java:177)
	at org.springframework.cloud.context.scope.GenericScope$BeanLifecycleWrapper.destroy(GenericScope.java:390)
	at org.springframework.cloud.context.scope.GenericScope.destroy(GenericScope.java:136)
	at org.springframework.beans.factory.support.DisposableBeanAdapter.destroy(DisposableBeanAdapter.java:200)
	at org.springframework.beans.factory.support.DefaultSingletonBeanRegistry.destroyBean(DefaultSingletonBeanRegistry.java:587)
	at org.springframework.beans.factory.support.DefaultSingletonBeanRegistry.destroySingleton(DefaultSingletonBeanRegistry.java:559)
	at org.springframework.beans.factory.support.DefaultListableBeanFactory.destroySingleton(DefaultListableBeanFactory.java:1152)
	at org.springframework.beans.factory.support.DefaultSingletonBeanRegistry.destroySingletons(DefaultSingletonBeanRegistry.java:520)
	at org.springframework.beans.factory.support.DefaultListableBeanFactory.destroySingletons(DefaultListableBeanFactory.java:1145)
	at org.springframework.context.support.AbstractApplicationContext.destroyBeans(AbstractApplicationContext.java:1106)
	at org.springframework.context.support.AbstractApplicationContext.doClose(AbstractApplicationContext.java:1075)
	at org.springframework.boot.web.servlet.context.ServletWebServerApplicationContext.doClose(ServletWebServerApplicationContext.java:172)
	at org.springframework.context.support.AbstractApplicationContext.close(AbstractApplicationContext.java:1021)
	at org.springframework.boot.SpringApplicationShutdownHook.closeAndWait(SpringApplicationShutdownHook.java:131)
	at java.base/java.lang.Iterable.forEach(Iterable.java:75)
	at org.springframework.boot.SpringApplicationShutdownHook.run(SpringApplicationShutdownHook.java:100)
	at java.base/java.lang.Thread.run(Thread.java:829)
